array (
  'userId' => NULL,
  'clientIP' => '113.58.18.84',
  'dateTime' => '2016-06-23 11:50:13',
  'data' => 
  AlipaySubmit::__set_state(array(
     'alipay_config' => 
    array (
      'partner' => '2088421266041741',
      'key' => 'uhm6plgs1ijo2iq81p98nqbs1zjp4uin',
      'private_key_path' => 'key/rsa_private_key.pem',
      'ali_public_key_path' => 'key/alipay_public_key.pem',
      'sign_type' => 'MD5',
      'input_charset' => 'utf-8',
      'cacert' => '/home/bae/app\\cacert.pem',
      'transport' => 'http',
    ),
     'alipay_gateway_new' => 'http://wappaygw.alipay.com/service/rest.htm?',
  )),
)
array (
  'userId' => NULL,
  'clientIP' => '113.58.18.84',
  'dateTime' => '2016-06-23 11:50:20',
  'data' => 
  AlipaySubmit::__set_state(array(
     'alipay_config' => 
    array (
      'partner' => '2088421266041741',
      'key' => 'uhm6plgs1ijo2iq81p98nqbs1zjp4uin',
      'private_key_path' => 'key/rsa_private_key.pem',
      'ali_public_key_path' => 'key/alipay_public_key.pem',
      'sign_type' => 'MD5',
      'input_charset' => 'utf-8',
      'cacert' => '/home/bae/app\\cacert.pem',
      'transport' => 'http',
    ),
     'alipay_gateway_new' => 'http://wappaygw.alipay.com/service/rest.htm?',
  )),
)
array (
  'userId' => NULL,
  'clientIP' => '101.226.33.206',
  'dateTime' => '2016-06-23 11:50:21',
  'data' => 
  AlipaySubmit::__set_state(array(
     'alipay_config' => 
    array (
      'partner' => '2088421266041741',
      'key' => 'uhm6plgs1ijo2iq81p98nqbs1zjp4uin',
      'private_key_path' => 'key/rsa_private_key.pem',
      'ali_public_key_path' => 'key/alipay_public_key.pem',
      'sign_type' => 'MD5',
      'input_charset' => 'utf-8',
      'cacert' => '/home/bae/app\\cacert.pem',
      'transport' => 'http',
    ),
     'alipay_gateway_new' => 'http://wappaygw.alipay.com/service/rest.htm?',
  )),
)
